app/build/intermediates/manifest_merge_blame_file/debug/manifest-merger-blame-debug-report.txt
1<?xml version="1.0" encoding="utf-8"?>
2<manifest xmlns:android="http://schemas.android.com/apk/res/android"
3    package="com.example.bestelapp"
4    android:versionCode="1"
5    android:versionName="1.0" >
6
7    <uses-sdk
8        android:minSdkVersion="21"
8-->src\main\AndroidManifest.xml
9        android:targetSdkVersion="30" />
9-->src\main\AndroidManifest.xml
10
11    <uses-permission android:name="android.permission.INTERNET" />
11-->src\main\AndroidManifest.xml:5:5-67
11-->src\main\AndroidManifest.xml:5:22-64
12    <uses-permission android:name="android.permission.CAMERA" />
12-->src\main\AndroidManifest.xml:6:5-64
12-->src\main\AndroidManifest.xml:6:22-62
13
14    <uses-feature android:name="android.hardware.camera" />
14-->src\main\AndroidManifest.xml:7:5-59
14-->src\main\AndroidManifest.xml:7:19-57
15    <uses-feature android:name="android.hardware.camera.autofocus" />
15-->src\main\AndroidManifest.xml:8:5-69
15-->src\main\AndroidManifest.xml:8:19-67
16
17    <!-- Permission will be merged into the manifest of the hosting app. -->
18    <!-- Is required to launch foreground extraction service for targetSdkVersion 28+. -->
19    <uses-permission android:name="android.permission.FOREGROUND_SERVICE" />
19-->[com.google.android.play:core:1.7.2] AndroidManifest.xml:8:3-74
19-->[com.google.android.play:core:1.7.2] AndroidManifest.xml:8:20-72
20
21    <application
21-->src\main\AndroidManifest.xml:10:5-28:19
22        android:allowBackup="true"
22-->src\main\AndroidManifest.xml:11:9-35
23        android:appComponentFactory="androidx.core.app.CoreComponentFactory"
23-->[androidx.core:core:1.5.0-alpha01] AndroidManifest.xml:24:18-86
24        android:debuggable="true"
25        android:icon="@mipmap/ic_bestelapp"
25-->src\main\AndroidManifest.xml:12:9-44
26        android:label="@string/app_name"
26-->src\main\AndroidManifest.xml:13:9-41
27        android:roundIcon="@mipmap/ic_bestelapp_round"
27-->src\main\AndroidManifest.xml:14:9-55
28        android:supportsRtl="true"
28-->src\main\AndroidManifest.xml:15:9-35
29        android:theme="@style/Theme.Bestelapp" >
29-->src\main\AndroidManifest.xml:16:9-47
30        <activity android:name="com.example.bestelapp.MainActivity" >
30-->src\main\AndroidManifest.xml:18:9-24:20
30-->src\main\AndroidManifest.xml:18:19-47
31            <intent-filter>
31-->src\main\AndroidManifest.xml:19:13-23:29
32                <action android:name="android.intent.action.MAIN" />
32-->src\main\AndroidManifest.xml:20:17-69
32-->src\main\AndroidManifest.xml:20:25-66
33
34                <category android:name="android.intent.category.LAUNCHER" />
34-->src\main\AndroidManifest.xml:22:17-77
34-->src\main\AndroidManifest.xml:22:27-74
35            </intent-filter>
36        </activity>
37
38        <meta-data
38-->src\main\AndroidManifest.xml:25:9-27:57
39            android:name="preloaded_fonts"
39-->src\main\AndroidManifest.xml:26:13-43
40            android:resource="@array/preloaded_fonts" />
40-->src\main\AndroidManifest.xml:27:13-54
41
42        <activity
42-->[com.karumi:dexter:5.0.0] AndroidManifest.xml:27:9-29:72
43            android:name="com.karumi.dexter.DexterActivity"
43-->[com.karumi:dexter:5.0.0] AndroidManifest.xml:28:13-60
44            android:theme="@style/Dexter.Internal.Theme.Transparent" />
44-->[com.karumi:dexter:5.0.0] AndroidManifest.xml:29:13-69
45
46        <service
46-->[androidx.room:room-runtime:2.2.6] AndroidManifest.xml:25:9-28:40
47            android:name="androidx.room.MultiInstanceInvalidationService"
47-->[androidx.room:room-runtime:2.2.6] AndroidManifest.xml:26:13-74
48            android:directBootAware="true"
48-->[androidx.room:room-runtime:2.2.6] AndroidManifest.xml:27:13-43
49            android:exported="false" /> <!-- The activities will be merged into the manifest of the hosting app. -->
49-->[androidx.room:room-runtime:2.2.6] AndroidManifest.xml:28:13-37
50        <activity
50-->[com.google.android.play:core:1.7.2] AndroidManifest.xml:12:5-271
51            android:name="com.google.android.play.core.missingsplits.PlayCoreMissingSplitsActivity"
51-->[com.google.android.play:core:1.7.2] AndroidManifest.xml:12:15-102
52            android:enabled="false"
52-->[com.google.android.play:core:1.7.2] AndroidManifest.xml:12:103-126
53            android:exported="false"
53-->[com.google.android.play:core:1.7.2] AndroidManifest.xml:12:127-151
54            android:launchMode="singleInstance"
54-->[com.google.android.play:core:1.7.2] AndroidManifest.xml:12:204-239
55            android:process=":playcore_missing_splits_activity"
55-->[com.google.android.play:core:1.7.2] AndroidManifest.xml:12:152-203
56            android:stateNotNeeded="true" />
56-->[com.google.android.play:core:1.7.2] AndroidManifest.xml:12:240-269
57        <activity
57-->[com.google.android.play:core:1.7.2] AndroidManifest.xml:13:5-226
58            android:name="com.google.android.play.core.common.PlayCoreDialogWrapperActivity"
58-->[com.google.android.play:core:1.7.2] AndroidManifest.xml:13:15-95
59            android:enabled="false"
59-->[com.google.android.play:core:1.7.2] AndroidManifest.xml:13:96-119
60            android:exported="false"
60-->[com.google.android.play:core:1.7.2] AndroidManifest.xml:13:120-144
61            android:stateNotNeeded="true"
61-->[com.google.android.play:core:1.7.2] AndroidManifest.xml:13:145-174
62            android:theme="@style/Theme.PlayCore.Transparent" /> <!-- The service will be merged into the manifest of the hosting app. -->
62-->[com.google.android.play:core:1.7.2] AndroidManifest.xml:13:175-224
63        <service
63-->[com.google.android.play:core:1.7.2] AndroidManifest.xml:16:5-145
64            android:name="com.google.android.play.core.assetpacks.AssetPackExtractionService"
64-->[com.google.android.play:core:1.7.2] AndroidManifest.xml:16:14-95
65            android:enabled="false"
65-->[com.google.android.play:core:1.7.2] AndroidManifest.xml:16:96-119
66            android:exported="true" />
66-->[com.google.android.play:core:1.7.2] AndroidManifest.xml:16:120-143
67    </application>
68
69</manifest>